<?xml version="1.0" encoding="UTF-8"?>
<testng-results ignored="0" total="1" passed="1" failed="0" skipped="0">
  <reporter-output>
  </reporter-output>
  <suite started-at="2021-09-24T03:20:17 IST" name="Suite" finished-at="2021-09-24T03:20:40 IST" duration-ms="23397">
    <groups>
    </groups>
    <test started-at="2021-09-24T03:20:17 IST" name="Test" finished-at="2021-09-24T03:20:40 IST" duration-ms="23397">
      <class name="com.supriya.TestNG1.TestNG002">
        <test-method is-config="true" signature="OpenBrowser()[pri:0, instance:com.supriya.TestNG1.TestNG002@1a4013]" started-at="2021-09-24T03:20:21 IST" name="OpenBrowser" finished-at="2021-09-24T03:20:25 IST" duration-ms="3914" status="PASS">
          <reporter-output>
          </reporter-output>
        </test-method> <!-- OpenBrowser -->
        <test-method is-config="true" signature="CloseBrowser()[pri:0, instance:com.supriya.TestNG1.TestNG002@1a4013]" started-at="2021-09-24T03:20:40 IST" name="CloseBrowser" finished-at="2021-09-24T03:20:40 IST" duration-ms="347" status="PASS">
          <reporter-output>
          </reporter-output>
        </test-method> <!-- CloseBrowser -->
      </class> <!-- com.supriya.TestNG1.TestNG002 -->
      <class name="com.supriya.TestNG1.TestNG001">
        <test-method is-config="true" signature="OpenBrowser()[pri:0, instance:com.supriya.TestNG1.TestNG001@1613674b]" started-at="2021-09-24T03:20:17 IST" name="OpenBrowser" finished-at="2021-09-24T03:20:21 IST" duration-ms="4322" status="PASS">
          <reporter-output>
          </reporter-output>
        </test-method> <!-- OpenBrowser -->
        <test-method signature="Test1()[pri:0, instance:com.supriya.TestNG1.TestNG001@1613674b]" started-at="2021-09-24T03:20:25 IST" name="Test1" finished-at="2021-09-24T03:20:39 IST" duration-ms="14228" status="PASS">
          <reporter-output>
          </reporter-output>
        </test-method> <!-- Test1 -->
        <test-method is-config="true" signature="CloseBrowser()[pri:0, instance:com.supriya.TestNG1.TestNG001@1613674b]" started-at="2021-09-24T03:20:39 IST" name="CloseBrowser" finished-at="2021-09-24T03:20:40 IST" duration-ms="479" status="PASS">
          <reporter-output>
          </reporter-output>
        </test-method> <!-- CloseBrowser -->
      </class> <!-- com.supriya.TestNG1.TestNG001 -->
    </test> <!-- Test -->
  </suite> <!-- Suite -->
</testng-results>
